-29.80 77.28 -60.01 
34.06 27.33 -25.90 
22.13 -2.91 -76.54 
-76.42 77.12 -6.66 
-73.71 -76.35 73.56 
-74.58 -21.19 -12.46 
73.33 -29.51 -73.42 
76.72 71.26 -6.69 
28.99 -37.98 -34.81 
-19.87  7.99 -23.85 
-77.07 68.63 -74.42 
73.87 26.85 -71.90 
76.97 -2.00 76.98 
18.09 75.21 -26.69 
-24.38 -63.69 77.70 
76.47 -71.97 68.77 
-24.74 69.33 71.38 
-76.82 -7.39 -74.05 
-72.84 28.93 77.19 
-33.55 -24.87 25.07 
25.52 -28.11 73.50 
27.11 -77.52 68.23 
-70.43 25.75 24.72 
-75.22 77.47 63.17 
-66.38 -72.81 -78.57 
69.96 26.02 27.70 
-73.13 -71.07 20.71 
73.14 76.95 -67.53 
68.57 -77.41 -69.34 
32.14 -77.36  4.05 
21.60 -19.37 17.32 
-4.11 29.11 26.50 
 8.19 -74.77 -74.50 
-75.38 -72.52 -32.38 
20.57 66.36 -77.89 
77.39 -3.35 -20.85 
31.05 74.07 26.59 
-27.98 73.13  8.50 
25.60 77.11 76.88 
-27.36 28.12 -76.07 
29.37 27.42 72.89 
-71.04 32.55 -33.42 
-75.38 -24.24 66.73 
77.56 70.24 68.27 
-23.52  3.14 74.98 
-16.62 -75.80 28.68 
-21.50 -69.51 -25.63 
-27.94 -31.78 -70.26 
78.34 -72.05 -10.54 
72.96 -34.27 29.50 
